<?xml version="1.0" encoding="UTF-8"?>
<!-- Generated by org.testng.reporters.JUnitReportReporter -->
<testsuite skipped="0" hostname="susmithas-mbp.lan" name="DemoExtentReports" tests="1" failures="0" timestamp="2022-04-05T22:38:37 PDT" time="7.944" errors="0">
  <testcase name="Demo" time="7.944" classname="DemoExtentReports"/>
  <system-out/>
</testsuite> <!-- DemoExtentReports -->
